2020-08-22 11:54:36,519 INFO org.hibernate.validator.internal.util.Version [background-preinit] HV000001: Hibernate Validator 6.1.5.Final
2020-08-22 11:54:37,025 INFO org.springframework.boot.SpringApplication [main] The following profiles are active: native
2020-08-22 11:54:37,997 INFO org.springframework.cloud.context.scope.GenericScope [main] BeanFactory id=1c34792d-e3f8-3ff5-80c8-31c791cdd68f
2020-08-22 11:54:38,270 INFO org.springframework.boot.web.embedded.tomcat.TomcatWebServer [main] Tomcat initialized with port(s): 8888 (http)
2020-08-22 11:54:38,279 INFO org.apache.juli.logging.DirectJDKLog [main] Initializing ProtocolHandler ["http-nio-8888"]
2020-08-22 11:54:38,280 INFO org.apache.juli.logging.DirectJDKLog [main] Starting service [Tomcat]
2020-08-22 11:54:38,281 INFO org.apache.juli.logging.DirectJDKLog [main] Starting Servlet engine: [Apache Tomcat/9.0.37]
2020-08-22 11:54:38,379 INFO org.apache.juli.logging.DirectJDKLog [main] Initializing Spring embedded WebApplicationContext
2020-08-22 11:54:38,379 INFO org.springframework.boot.web.servlet.context.ServletWebServerApplicationContext [main] Root WebApplicationContext: initialization completed in 1326 ms
2020-08-22 11:54:38,719 INFO org.springframework.scheduling.concurrent.ExecutorConfigurationSupport [main] Initializing ExecutorService 'applicationTaskExecutor'
2020-08-22 11:54:39,360 INFO org.springframework.boot.actuate.endpoint.web.EndpointLinksResolver [main] Exposing 2 endpoint(s) beneath base path '/actuator'
2020-08-22 11:54:39,427 INFO org.apache.juli.logging.DirectJDKLog [main] Starting ProtocolHandler ["http-nio-8888"]
2020-08-22 11:54:39,444 INFO org.springframework.boot.web.embedded.tomcat.TomcatWebServer [main] Tomcat started on port(s): 8888 (http) with context path ''
2020-08-22 11:54:39,464 INFO org.springframework.boot.StartupInfoLogger [main] Started ConfigserverApplication in 4.266 seconds (JVM running for 5.396)
2020-08-22 11:54:39,968 INFO org.apache.juli.logging.DirectJDKLog [RMI TCP Connection(1)-127.0.0.1] Initializing Spring DispatcherServlet 'dispatcherServlet'
2020-08-22 11:54:39,969 INFO org.springframework.web.servlet.FrameworkServlet [RMI TCP Connection(1)-127.0.0.1] Initializing Servlet 'dispatcherServlet'
2020-08-22 11:54:39,978 INFO org.springframework.web.servlet.FrameworkServlet [RMI TCP Connection(1)-127.0.0.1] Completed initialization in 8 ms
2020-08-22 12:10:30,553 INFO org.springframework.scheduling.concurrent.ExecutorConfigurationSupport [SpringContextShutdownHook] Shutting down ExecutorService 'applicationTaskExecutor'
2020-08-22 12:10:41,811 INFO org.hibernate.validator.internal.util.Version [background-preinit] HV000001: Hibernate Validator 6.1.5.Final
2020-08-22 12:10:42,305 INFO org.springframework.boot.SpringApplication [main] The following profiles are active: native
2020-08-22 12:10:47,144 INFO org.springframework.cloud.context.scope.GenericScope [main] BeanFactory id=1c34792d-e3f8-3ff5-80c8-31c791cdd68f
2020-08-22 12:10:47,411 INFO org.springframework.boot.web.embedded.tomcat.TomcatWebServer [main] Tomcat initialized with port(s): 8888 (http)
2020-08-22 12:10:47,423 INFO org.apache.juli.logging.DirectJDKLog [main] Initializing ProtocolHandler ["http-nio-8888"]
2020-08-22 12:10:47,424 INFO org.apache.juli.logging.DirectJDKLog [main] Starting service [Tomcat]
2020-08-22 12:10:47,425 INFO org.apache.juli.logging.DirectJDKLog [main] Starting Servlet engine: [Apache Tomcat/9.0.37]
2020-08-22 12:10:47,563 INFO org.apache.juli.logging.DirectJDKLog [main] Initializing Spring embedded WebApplicationContext
2020-08-22 12:10:47,567 INFO org.springframework.boot.web.servlet.context.ServletWebServerApplicationContext [main] Root WebApplicationContext: initialization completed in 5200 ms
2020-08-22 12:10:47,997 INFO org.springframework.scheduling.concurrent.ExecutorConfigurationSupport [main] Initializing ExecutorService 'applicationTaskExecutor'
2020-08-22 12:10:48,675 INFO org.springframework.boot.actuate.endpoint.web.EndpointLinksResolver [main] Exposing 2 endpoint(s) beneath base path '/actuator'
2020-08-22 12:10:48,764 INFO org.apache.juli.logging.DirectJDKLog [main] Starting ProtocolHandler ["http-nio-8888"]
2020-08-22 12:10:48,787 INFO org.springframework.boot.web.embedded.tomcat.TomcatWebServer [main] Tomcat started on port(s): 8888 (http) with context path ''
2020-08-22 12:10:48,813 INFO org.springframework.boot.StartupInfoLogger [main] Started ConfigserverApplication in 7.729 seconds (JVM running for 9.034)
2020-08-22 12:10:49,060 INFO org.apache.juli.logging.DirectJDKLog [RMI TCP Connection(2)-127.0.0.1] Initializing Spring DispatcherServlet 'dispatcherServlet'
2020-08-22 12:10:49,062 INFO org.springframework.web.servlet.FrameworkServlet [RMI TCP Connection(2)-127.0.0.1] Initializing Servlet 'dispatcherServlet'
2020-08-22 12:10:49,074 INFO org.springframework.web.servlet.FrameworkServlet [RMI TCP Connection(2)-127.0.0.1] Completed initialization in 12 ms
2020-08-22 12:23:16,412 INFO org.springframework.cloud.config.server.environment.NativeEnvironmentRepository [http-nio-8888-exec-1] Adding property source: file:/var/centralConf/microdiscovery.properties
2020-08-22 12:23:24,274 INFO org.springframework.cloud.config.server.environment.NativeEnvironmentRepository [http-nio-8888-exec-4] Adding property source: file:/var/centralConf/microdiscovery.properties
2020-08-22 12:23:35,319 INFO org.springframework.cloud.config.server.environment.NativeEnvironmentRepository [http-nio-8888-exec-2] Adding property source: file:/var/centralConf/gatewaybalanceador.properties
2020-08-22 12:23:44,844 INFO org.springframework.cloud.config.server.environment.NativeEnvironmentRepository [http-nio-8888-exec-5] Adding property source: file:/var/centralConf/gatewaybalanceador.properties
2020-08-22 12:25:34,119 INFO org.springframework.cloud.config.server.environment.NativeEnvironmentRepository [http-nio-8888-exec-6] Adding property source: file:/var/centralConf/usuariomicro.properties
2020-08-22 12:26:27,671 INFO org.springframework.cloud.config.server.environment.NativeEnvironmentRepository [http-nio-8888-exec-7] Adding property source: file:/var/centralConf/usuariomicro.properties
2020-08-22 12:33:05,013 INFO org.springframework.cloud.config.server.environment.NativeEnvironmentRepository [http-nio-8888-exec-9] Adding property source: file:/var/centralConf/usuariomicro.properties
2020-08-22 12:33:11,376 INFO org.springframework.cloud.config.server.environment.NativeEnvironmentRepository [http-nio-8888-exec-10] Adding property source: file:/var/centralConf/usuariomicro.properties
2020-08-22 12:39:34,698 INFO org.springframework.scheduling.concurrent.ExecutorConfigurationSupport [SpringContextShutdownHook] Shutting down ExecutorService 'applicationTaskExecutor'
