2020-08-24 09:10:07,202 INFO org.hibernate.validator.internal.util.Version [background-preinit] HV000001: Hibernate Validator 6.1.5.Final
2020-08-24 09:10:07,799 INFO org.springframework.boot.SpringApplication [main] The following profiles are active: native
2020-08-24 09:10:08,893 INFO org.springframework.cloud.context.scope.GenericScope [main] BeanFactory id=1c34792d-e3f8-3ff5-80c8-31c791cdd68f
2020-08-24 09:10:09,139 INFO org.springframework.boot.web.embedded.tomcat.TomcatWebServer [main] Tomcat initialized with port(s): 8888 (http)
2020-08-24 09:10:09,147 INFO org.apache.juli.logging.DirectJDKLog [main] Initializing ProtocolHandler ["http-nio-8888"]
2020-08-24 09:10:09,148 INFO org.apache.juli.logging.DirectJDKLog [main] Starting service [Tomcat]
2020-08-24 09:10:09,149 INFO org.apache.juli.logging.DirectJDKLog [main] Starting Servlet engine: [Apache Tomcat/9.0.37]
2020-08-24 09:10:09,237 INFO org.apache.juli.logging.DirectJDKLog [main] Initializing Spring embedded WebApplicationContext
2020-08-24 09:10:09,238 INFO org.springframework.boot.web.servlet.context.ServletWebServerApplicationContext [main] Root WebApplicationContext: initialization completed in 1419 ms
2020-08-24 09:10:09,593 INFO org.springframework.scheduling.concurrent.ExecutorConfigurationSupport [main] Initializing ExecutorService 'applicationTaskExecutor'
2020-08-24 09:10:10,198 INFO org.springframework.boot.actuate.endpoint.web.EndpointLinksResolver [main] Exposing 2 endpoint(s) beneath base path '/actuator'
2020-08-24 09:10:10,277 INFO org.apache.juli.logging.DirectJDKLog [main] Starting ProtocolHandler ["http-nio-8888"]
2020-08-24 09:10:10,294 INFO org.springframework.boot.web.embedded.tomcat.TomcatWebServer [main] Tomcat started on port(s): 8888 (http) with context path ''
2020-08-24 09:10:10,319 INFO org.springframework.boot.StartupInfoLogger [main] Started ConfigserverApplication in 3.753 seconds (JVM running for 4.982)
2020-08-24 09:10:10,901 INFO org.apache.juli.logging.DirectJDKLog [RMI TCP Connection(2)-127.0.0.1] Initializing Spring DispatcherServlet 'dispatcherServlet'
2020-08-24 09:10:10,906 INFO org.springframework.web.servlet.FrameworkServlet [RMI TCP Connection(2)-127.0.0.1] Initializing Servlet 'dispatcherServlet'
2020-08-24 09:10:10,943 INFO org.springframework.web.servlet.FrameworkServlet [RMI TCP Connection(2)-127.0.0.1] Completed initialization in 36 ms
2020-08-24 09:10:45,700 INFO org.springframework.cloud.config.server.environment.NativeEnvironmentRepository [http-nio-8888-exec-1] Adding property source: file:/var/centralConf/microdiscovery.properties
2020-08-24 09:10:52,544 INFO org.springframework.cloud.config.server.environment.NativeEnvironmentRepository [http-nio-8888-exec-2] Adding property source: file:/var/centralConf/microdiscovery.properties
2020-08-24 09:10:59,786 INFO org.springframework.cloud.config.server.environment.NativeEnvironmentRepository [http-nio-8888-exec-3] Adding property source: file:/var/centralConf/gatewaybalanceador.properties
2020-08-24 09:11:10,112 INFO org.springframework.cloud.config.server.environment.NativeEnvironmentRepository [http-nio-8888-exec-4] Adding property source: file:/var/centralConf/gatewaybalanceador.properties
2020-08-24 09:12:13,729 INFO org.springframework.cloud.config.server.environment.NativeEnvironmentRepository [http-nio-8888-exec-8] Adding property source: file:/var/centralConf/compramicro.properties
2020-08-24 09:12:22,474 INFO org.springframework.cloud.config.server.environment.NativeEnvironmentRepository [http-nio-8888-exec-9] Adding property source: file:/var/centralConf/usuariomicro.properties
2020-08-24 09:14:10,389 INFO org.springframework.cloud.config.server.environment.NativeEnvironmentRepository [http-nio-8888-exec-2] Adding property source: file:/var/centralConf/compramicro.properties
2020-08-24 09:26:49,933 INFO org.springframework.scheduling.concurrent.ExecutorConfigurationSupport [SpringContextShutdownHook] Shutting down ExecutorService 'applicationTaskExecutor'
2020-08-24 09:27:14,589 INFO org.hibernate.validator.internal.util.Version [background-preinit] HV000001: Hibernate Validator 6.1.5.Final
2020-08-24 09:27:15,043 INFO org.springframework.boot.SpringApplication [main] The following profiles are active: native
2020-08-24 09:27:15,932 INFO org.springframework.cloud.context.scope.GenericScope [main] BeanFactory id=1c34792d-e3f8-3ff5-80c8-31c791cdd68f
2020-08-24 09:27:16,161 INFO org.springframework.boot.web.embedded.tomcat.TomcatWebServer [main] Tomcat initialized with port(s): 8888 (http)
2020-08-24 09:27:16,168 INFO org.apache.juli.logging.DirectJDKLog [main] Initializing ProtocolHandler ["http-nio-8888"]
2020-08-24 09:27:16,169 INFO org.apache.juli.logging.DirectJDKLog [main] Starting service [Tomcat]
2020-08-24 09:27:16,169 INFO org.apache.juli.logging.DirectJDKLog [main] Starting Servlet engine: [Apache Tomcat/9.0.37]
2020-08-24 09:27:16,246 INFO org.apache.juli.logging.DirectJDKLog [main] Initializing Spring embedded WebApplicationContext
2020-08-24 09:27:16,247 INFO org.springframework.boot.web.servlet.context.ServletWebServerApplicationContext [main] Root WebApplicationContext: initialization completed in 1182 ms
2020-08-24 09:27:16,557 INFO org.springframework.scheduling.concurrent.ExecutorConfigurationSupport [main] Initializing ExecutorService 'applicationTaskExecutor'
2020-08-24 09:27:17,102 INFO org.springframework.boot.actuate.endpoint.web.EndpointLinksResolver [main] Exposing 2 endpoint(s) beneath base path '/actuator'
2020-08-24 09:27:17,183 INFO org.apache.juli.logging.DirectJDKLog [main] Starting ProtocolHandler ["http-nio-8888"]
2020-08-24 09:27:17,198 INFO org.springframework.boot.web.embedded.tomcat.TomcatWebServer [main] Tomcat started on port(s): 8888 (http) with context path ''
2020-08-24 09:27:17,221 INFO org.springframework.boot.StartupInfoLogger [main] Started ConfigserverApplication in 3.292 seconds (JVM running for 4.216)
2020-08-24 09:27:17,377 INFO org.apache.juli.logging.DirectJDKLog [RMI TCP Connection(2)-127.0.0.1] Initializing Spring DispatcherServlet 'dispatcherServlet'
2020-08-24 09:27:17,381 INFO org.springframework.web.servlet.FrameworkServlet [RMI TCP Connection(2)-127.0.0.1] Initializing Servlet 'dispatcherServlet'
2020-08-24 09:27:17,390 INFO org.springframework.web.servlet.FrameworkServlet [RMI TCP Connection(2)-127.0.0.1] Completed initialization in 8 ms
2020-08-24 09:27:46,926 INFO org.springframework.cloud.config.server.environment.NativeEnvironmentRepository [http-nio-8888-exec-1] Adding property source: file:/var/centralConf/gatewaybalanceador.properties
2020-08-24 09:27:56,427 INFO org.springframework.cloud.config.server.environment.NativeEnvironmentRepository [http-nio-8888-exec-2] Adding property source: file:/var/centralConf/microdiscovery.properties
2020-08-24 09:28:00,168 INFO org.springframework.cloud.config.server.environment.NativeEnvironmentRepository [http-nio-8888-exec-3] Adding property source: file:/var/centralConf/gatewaybalanceador.properties
2020-08-24 09:28:01,751 INFO org.springframework.cloud.config.server.environment.NativeEnvironmentRepository [http-nio-8888-exec-4] Adding property source: file:/var/centralConf/usuariomicro.properties
2020-08-24 09:28:08,672 INFO org.springframework.cloud.config.server.environment.NativeEnvironmentRepository [http-nio-8888-exec-5] Adding property source: file:/var/centralConf/compramicro.properties
2020-08-24 09:28:16,024 INFO org.springframework.cloud.config.server.environment.NativeEnvironmentRepository [http-nio-8888-exec-6] Adding property source: file:/var/centralConf/microdiscovery.properties
2020-08-24 10:39:37,791 INFO org.springframework.scheduling.concurrent.ExecutorConfigurationSupport [SpringContextShutdownHook] Shutting down ExecutorService 'applicationTaskExecutor'
2020-08-24 23:35:04,694 INFO org.hibernate.validator.internal.util.Version [background-preinit] HV000001: Hibernate Validator 6.1.5.Final
2020-08-24 23:35:05,327 INFO org.springframework.boot.SpringApplication [main] The following profiles are active: native
2020-08-24 23:35:08,891 INFO org.springframework.cloud.context.scope.GenericScope [main] BeanFactory id=1c34792d-e3f8-3ff5-80c8-31c791cdd68f
2020-08-24 23:35:09,324 INFO org.springframework.boot.web.embedded.tomcat.TomcatWebServer [main] Tomcat initialized with port(s): 8888 (http)
2020-08-24 23:35:09,335 INFO org.apache.juli.logging.DirectJDKLog [main] Initializing ProtocolHandler ["http-nio-8888"]
2020-08-24 23:35:09,336 INFO org.apache.juli.logging.DirectJDKLog [main] Starting service [Tomcat]
2020-08-24 23:35:09,337 INFO org.apache.juli.logging.DirectJDKLog [main] Starting Servlet engine: [Apache Tomcat/9.0.37]
2020-08-24 23:35:09,459 INFO org.apache.juli.logging.DirectJDKLog [main] Initializing Spring embedded WebApplicationContext
2020-08-24 23:35:09,460 INFO org.springframework.boot.web.servlet.context.ServletWebServerApplicationContext [main] Root WebApplicationContext: initialization completed in 4084 ms
2020-08-24 23:35:09,996 INFO org.springframework.scheduling.concurrent.ExecutorConfigurationSupport [main] Initializing ExecutorService 'applicationTaskExecutor'
2020-08-24 23:35:11,963 INFO org.springframework.boot.actuate.endpoint.web.EndpointLinksResolver [main] Exposing 2 endpoint(s) beneath base path '/actuator'
2020-08-24 23:35:12,313 INFO org.apache.juli.logging.DirectJDKLog [main] Starting ProtocolHandler ["http-nio-8888"]
2020-08-24 23:35:12,409 INFO org.springframework.boot.web.embedded.tomcat.TomcatWebServer [main] Tomcat started on port(s): 8888 (http) with context path ''
2020-08-24 23:35:12,507 INFO org.springframework.boot.StartupInfoLogger [main] Started ConfigserverApplication in 8.467 seconds (JVM running for 9.556)
2020-08-24 23:35:13,072 INFO org.apache.juli.logging.DirectJDKLog [RMI TCP Connection(4)-127.0.0.1] Initializing Spring DispatcherServlet 'dispatcherServlet'
2020-08-24 23:35:13,075 INFO org.springframework.web.servlet.FrameworkServlet [RMI TCP Connection(4)-127.0.0.1] Initializing Servlet 'dispatcherServlet'
2020-08-24 23:35:13,161 INFO org.springframework.web.servlet.FrameworkServlet [RMI TCP Connection(4)-127.0.0.1] Completed initialization in 85 ms
2020-08-24 23:35:13,600 INFO org.springframework.cloud.config.server.environment.NativeEnvironmentRepository [http-nio-8888-exec-1] Adding property source: file:/var/centralConf/gatewaybalanceador.properties
2020-08-24 23:35:19,632 INFO org.springframework.cloud.config.server.environment.NativeEnvironmentRepository [http-nio-8888-exec-2] Adding property source: file:/var/centralConf/microdiscovery.properties
2020-08-24 23:35:24,736 INFO org.springframework.cloud.config.server.environment.NativeEnvironmentRepository [http-nio-8888-exec-3] Adding property source: file:/var/centralConf/gatewaybalanceador.properties
2020-08-24 23:35:27,482 INFO org.springframework.cloud.config.server.environment.NativeEnvironmentRepository [http-nio-8888-exec-4] Adding property source: file:/var/centralConf/microdiscovery.properties
2020-08-24 23:36:33,794 INFO org.springframework.cloud.config.server.environment.NativeEnvironmentRepository [http-nio-8888-exec-5] Adding property source: file:/var/centralConf/usuariomicro.properties
2020-08-24 23:40:49,951 INFO org.springframework.cloud.config.server.environment.NativeEnvironmentRepository [http-nio-8888-exec-8] Adding property source: file:/var/centralConf/usuariomicro.properties
